<?xml version="1.0" encoding="UTF-8"?>
<testsuite xmlns:xsi="http://www.w3.org/2001/XMLSchema-instance" xsi:noNamespaceSchemaLocation="https://maven.apache.org/surefire/maven-surefire-plugin/xsd/surefire-test-report-3.0.xsd" version="3.0" name="edu.uic.cs454.s25.a5.Test01_SingleBus" time="0.058" tests="12" errors="0" skipped="0" failures="0">
  <properties>
[...]
</properties>
  <testcase name="testCapacitySameDescription" classname="edu.uic.cs454.s25.a5.Test01_SingleBus" time="0.008"/>
  <testcase name="testRemoveFromBus" classname="edu.uic.cs454.s25.a5.Test01_SingleBus" time="0.0"/>
  <testcase name="testTickets" classname="edu.uic.cs454.s25.a5.Test01_SingleBus" time="0.0"/>
  <testcase name="testUsingOwnSet" classname="edu.uic.cs454.s25.a5.Test01_SingleBus" time="0.001"/>
  <testcase name="testRemoveFromEmptyBus" classname="edu.uic.cs454.s25.a5.Test01_SingleBus" time="0.0"/>
  <testcase name="testRemoveTicketsNotInBus" classname="edu.uic.cs454.s25.a5.Test01_SingleBus" time="0.001"/>
  <testcase name="testBusIdentity" classname="edu.uic.cs454.s25.a5.Test01_SingleBus" time="0.0"/>
  <testcase name="testRemoveTicketNotInBus" classname="edu.uic.cs454.s25.a5.Test01_SingleBus" time="0.0"/>
  <testcase name="testSetIdentity" classname="edu.uic.cs454.s25.a5.Test01_SingleBus" time="0.0"/>
  <testcase name="testMaxCapacity" classname="edu.uic.cs454.s25.a5.Test01_SingleBus" time="0.001"/>
  <testcase name="testRemoveFromNowEmptyBus" classname="edu.uic.cs454.s25.a5.Test01_SingleBus" time="0.0"/>
  <testcase name="testCapacityAdd" classname="edu.uic.cs454.s25.a5.Test01_SingleBus" time="0.0"/>
</testsuite>