<?xml version="1.0" encoding="UTF-8"?>
<testsuite xmlns:xsi="http://www.w3.org/2001/XMLSchema-instance" xsi:noNamespaceSchemaLocation="https://maven.apache.org/surefire/maven-surefire-plugin/xsd/surefire-test-report.xsd" name="SavingsMethodTest" time="0.001" tests="8" errors="0" skipped="0" failures="0">
  <properties>
[...]
</properties>
  <testcase name="futureValueLS_VariableInterest1" classname="SavingsMethodTest" time="0"/>
  <testcase name="futureValueLS_VariableInterest2" classname="SavingsMethodTest" time="0"/>
  <testcase name="compoundSavingsConstant1" classname="SavingsMethodTest" time="0"/>
  <testcase name="compoundSavingsConstant2" classname="SavingsMethodTest" time="0"/>
  <testcase name="futureValueLumpSum1" classname="SavingsMethodTest" time="0"/>
  <testcase name="futureValueLumpSum2" classname="SavingsMethodTest" time="0"/>
  <testcase name="compoundSavingsVariable1" classname="SavingsMethodTest" time="0"/>
  <testcase name="compoundSavingsVariable2" classname="SavingsMethodTest" time="0"/>
</testsuite>