<?xml version="1.0" encoding="UTF-8"?>
<testsuite xmlns:xsi="http://www.w3.org/2001/XMLSchema-instance" xsi:noNamespaceSchemaLocation="https://maven.apache.org/surefire/maven-surefire-plugin/xsd/surefire-test-report.xsd" name="MyMoneyTest" time="0.07" tests="13" errors="0" skipped="0" failures="0">
  <properties>
[...]
</properties>
  <testcase name="lumpSum_VariableRate1" classname="MyMoneyTest" time="0.008"/>
  <testcase name="lumpSum_VariableRate2" classname="MyMoneyTest" time="0"/>
  <testcase name="lumpSum_ConstantRate1" classname="MyMoneyTest" time="0"/>
  <testcase name="lumpSum_ConstantRate2" classname="MyMoneyTest" time="0.001"/>
  <testcase name="testHasInterest" classname="MyMoneyTest" time="0.001"/>
  <testcase name="testReadInFile{String}[1]" classname="MyMoneyTest" time="0.014"/>
  <testcase name="testReadInFile{String}[2]" classname="MyMoneyTest" time="0.001"/>
  <testcase name="compoundSavings_variableContribution1" classname="MyMoneyTest" time="0"/>
  <testcase name="compoundSavings_variableContribution2" classname="MyMoneyTest" time="0"/>
  <testcase name="testHasBoth" classname="MyMoneyTest" time="0.001"/>
  <testcase name="testHasCash" classname="MyMoneyTest" time="0"/>
  <testcase name="compoundSavings_sameContribution1" classname="MyMoneyTest" time="0.003"/>
  <testcase name="compoundSavings_sameContribution2" classname="MyMoneyTest" time="0.001"/>
</testsuite>