<?xml version="1.0" encoding="UTF-8"?>
<testsuite xmlns:xsi="http://www.w3.org/2001/XMLSchema-instance" xsi:noNamespaceSchemaLocation="https://maven.apache.org/surefire/maven-surefire-plugin/xsd/surefire-test-report.xsd" name="CoffeeDecoratorTest" time="0.047" tests="10" errors="0" skipped="0" failures="0">
  <properties>
[...]
</properties>
  <testcase name="testCoffeeImmutability" classname="CoffeeDecoratorTest" time="0.015"/>
  <testcase name="testCoffeeWithCinnamon" classname="CoffeeDecoratorTest" time="0.001"/>
  <testcase name="testCoffeeWithOnlyExtraShots" classname="CoffeeDecoratorTest" time="0.001"/>
  <testcase name="testTotalOrderCost" classname="CoffeeDecoratorTest" time="0"/>
  <testcase name="testZeroQuantityExtras" classname="CoffeeDecoratorTest" time="0"/>
  <testcase name="testOrderSummary" classname="CoffeeDecoratorTest" time="0.023"/>
  <testcase name="testLargeNumberOfExtras" classname="CoffeeDecoratorTest" time="0.003"/>
  <testcase name="testBasicCoffeeCost" classname="CoffeeDecoratorTest" time="0"/>
  <testcase name="testCoffeeWithMultipleExtras" classname="CoffeeDecoratorTest" time="0"/>
  <testcase name="testCoffeeObjectCreation" classname="CoffeeDecoratorTest" time="0"/>
</testsuite>